<?xml version="1.0" encoding="UTF-8"?>
<testng-results ignored="0" total="1" passed="1" failed="0" skipped="0">
  <reporter-output>
  </reporter-output>
  <suite started-at="2023-10-18T03:11:34Z" name="Default Suite" finished-at="2023-10-18T03:12:35Z" duration-ms="61040">
    <groups>
    </groups>
    <test started-at="2023-10-18T03:11:34Z" name="Automation" finished-at="2023-10-18T03:12:35Z" duration-ms="61040">
      <class name="login">
        <test-method signature="login()[pri:0, instance:login@26275bef]" started-at="2023-10-18T03:11:34Z" name="login" finished-at="2023-10-18T03:12:35Z" duration-ms="61006" status="PASS">
          <reporter-output>
          </reporter-output>
        </test-method> <!-- login -->
      </class> <!-- login -->
    </test> <!-- Automation -->
  </suite> <!-- Default Suite -->
</testng-results>
