<?xml version="1.0" encoding="UTF-8"?>
<testng-results ignored="0" total="0" passed="0" failed="0" skipped="0">
  <reporter-output>
  </reporter-output>
  <suite started-at="2023-10-17T07:57:18Z" name="All Test Suite" finished-at="2023-10-17T07:57:18Z" duration-ms="8">
    <groups>
    </groups>
    <test started-at="2023-10-17T07:57:18Z" name="C:/Users/Thin Lay/androidpj/Automation/src/login.java" finished-at="2023-10-17T07:57:18Z" duration-ms="8">
    </test> <!-- C:/Users/Thin Lay/androidpj/Automation/src/login.java -->
  </suite> <!-- All Test Suite -->
</testng-results>
