<?xml version="1.0" encoding="UTF-8"?>
<testng-results ignored="0" total="1" passed="1" failed="0" skipped="0">
  <reporter-output>
  </reporter-output>
  <suite started-at="2023-11-02T04:00:32Z" name="Default Suite" finished-at="2023-11-02T04:01:57Z" duration-ms="84753">
    <groups>
    </groups>
    <test started-at="2023-11-02T04:00:32Z" name="Automation" finished-at="2023-11-02T04:01:57Z" duration-ms="84753">
      <class name="Merchant">
        <test-method signature="main()[pri:0, instance:Merchant@4da4253]" started-at="2023-11-02T04:00:32Z" name="main" finished-at="2023-11-02T04:01:57Z" duration-ms="84691" status="PASS">
          <reporter-output>
          </reporter-output>
        </test-method> <!-- main -->
      </class> <!-- Merchant -->
    </test> <!-- Automation -->
  </suite> <!-- Default Suite -->
</testng-results>
